<?xml version="1.0" encoding="utf-8"?><testsuites name="pytest tests"><testsuite name="pytest" errors="0" failures="0" skipped="0" tests="9" time="3.817" timestamp="2026-03-03T13:20:03.213690+00:00" hostname="agent-env-4159d807-5cc4-4c7e-8a95-31ffa2fdf4ac"><testcase classname="backend.tests.test_whitepaper_settings.TestHealthAndPublicAPIs" name="test_health_endpoint" time="0.918" /><testcase classname="backend.tests.test_whitepaper_settings.TestHealthAndPublicAPIs" name="test_public_settings_returns_whitepaper_url" time="0.125" /><testcase classname="backend.tests.test_whitepaper_settings.TestAdminAuth" name="test_admin_login_success" time="0.326" /><testcase classname="backend.tests.test_whitepaper_settings.TestAdminAuth" name="test_admin_login_invalid_credentials" time="0.318" /><testcase classname="backend.tests.test_whitepaper_settings.TestAdminSettings" name="test_get_admin_settings" time="0.466" /><testcase classname="backend.tests.test_whitepaper_settings.TestAdminSettings" name="test_update_whitepaper_url" time="0.662" /><testcase classname="backend.tests.test_whitepaper_settings.TestAdminSettings" name="test_clear_whitepaper_url" time="0.619" /><testcase classname="backend.tests.test_whitepaper_settings.TestAdminSettings" name="test_settings_require_auth" time="0.220" /><testcase classname="backend.tests.test_whitepaper_settings.TestPurchaseCalculation" name="test_calculate_purchase" time="0.101" /></testsuite></testsuites>